node:net:1948
    const ex = new UVExceptionWithHostPort(err, 'listen', address, port);
               ^

Error: listen EADDRINUSE: address already in use :::5000
    at Server.setupListenHandle [as _listen2] (node:net:1948:16)
    at listenInCluster (node:net:2005:12)
    at Server.listen (node:net:2110:7)
    at ExpressAdapter.listen (C:\Users\TOSHIBA\Desktop\spark\SparkVision-Backend\node_modules\@nestjs\platform-express\adapters\express-adapter.js:115:32)
    at C:\Users\TOSHIBA\Desktop\spark\SparkVision-Backend\node_modules\@nestjs\core\nest-application.js:188:30
    at new Promise (<anonymous>)
    at NestApplication.listen (C:\Users\TOSHIBA\Desktop\spark\SparkVision-Backend\node_modules\@nestjs\core\nest-application.js:178:16)
    at process.processTicksAndRejections (node:internal/process/task_queues:104:5)
    at async bootstrap (C:\Users\TOSHIBA\Desktop\spark\SparkVision-Backend\dist\main.js:74:5) {
  code: 'EADDRINUSE',
  errno: -4091,
  syscall: 'listen',
  address: '::',
  port: 5000
}

Node.js v24.14.1
